#2026 05 27 05:49:06.779#Z#DEBUG#a0871aaa-598f-11f1-8745-eeee0a977b64.PartnerRelationshipManagement-srv#flowable-async-job-executor-thread-5976#
[PollStageAppStatusExecution] f7419900-66e9-4b8b-80f3-f99201d79fd2 [2026-05-27T05:38:44.284707] b29e4e42trial-dev-partnerrelationshipmanagement-srv.cfapps.us10-001.hana.ondemand.com - [2026-05-27T05:38:44.267883597Z] "GET / HTTP/1.1" 404 0 139 "-" "Mozilla/5.0 (Windows NT 10.0; Win64; x64) AppleWebKit/537.36 (KHTML, like Gecko) Chrome/148.0.0.0 Safari/537.36" "10.0.136.3:63394" "10.32.3.6:61035" x_forwarded_for:"203.201.231.35, 24.239.140.31, 10.0.136.3" x_forwarded_proto:"https" vcap_request_id:"cdba9918-3ce7-44ed-4598-960aaf9ce6d2" response_time:0.016694 gorouter_time:0.000040 app_id:"f7419900-66e9-4b8b-80f3-f99201d79fd2" app_index:"0" instance_id:"c918a323-0bb4-4211-7960-5c1f" failed_attempts:0 failed_attempts_time:"-" dns_time:0.000000 dial_time:0.001306 tls_time:0.011865 backend_time:0.016655 local_address:"10.0.129.9:36250" x_cf_routererror:"-" x_correlationid:"-" tenantid:"-" sap_passport:"-" x_scp_request_id:"001918d6-0dd3-4f8f-b8fd-480ea84204c1-6A168363-175EC5A" x_cf_app_instance:"-" x_forwarded_host:"-" x_custom_host:"-" x_ssl_client:"-" x_ssl_client_session_id:"-" x_ssl_client_verify:"-" x_ssl_client_subject_dn:"-" x_ssl_client_subject_cn:"-" x_ssl_client_issuer_dn:"-" x_ssl_client_notbefore:"-" x_ssl_client_notafter:"-" x_cf_forwarded_url:"-" traceparent:"-" true_client_ip:"-" x_cf_true_client_ip:"24.239.140.31" x_request_id:"-" x_b3_traceid:"cdba99183ce744ed4598960aaf9ce6d2" x_b3_spanid:"4598960aaf9ce6d2" x_b3_parentspanid:"-" b3:"cdba99183ce744ed4598960aaf9ce6d2-4598960aaf9ce6d2" (STDOUT, RTR)#
#2026 05 27 05:49:06.779#Z#DEBUG#a0871aaa-598f-11f1-8745-eeee0a977b64.PartnerRelationshipManagement-srv#flowable-async-job-executor-thread-5976#
[PollStageAppStatusExecution] f7419900-66e9-4b8b-80f3-f99201d79fd2 [2026-05-27T05:45:14.103873] b29e4e42trial-dev-partnerrelationshipmanagement-srv.cfapps.us10-001.hana.ondemand.com - [2026-05-27T05:45:14.091013974Z] "GET / HTTP/1.1" 404 0 139 "-" "PostmanRuntime/7.54.0" "10.0.200.2:58164" "10.32.3.6:61035" x_forwarded_for:"24.239.140.31, 54.86.50.139, 10.0.200.2" x_forwarded_proto:"https" vcap_request_id:"0f32c1fa-8f9f-43f9-4b15-3401461bbb55" response_time:0.012756 gorouter_time:0.000039 app_id:"f7419900-66e9-4b8b-80f3-f99201d79fd2" app_index:"0" instance_id:"c918a323-0bb4-4211-7960-5c1f" failed_attempts:0 failed_attempts_time:"-" dns_time:0.000000 dial_time:0.001148 tls_time:0.009317 backend_time:0.012717 local_address:"10.0.193.9:63416" x_cf_routererror:"-" x_correlationid:"-" tenantid:"-" sap_passport:"-" x_scp_request_id:"636bc2a2-1b61-4557-9842-f5882361e2a5-6A1684EA-1AC9217" x_cf_app_instance:"-" x_forwarded_host:"-" x_custom_host:"-" x_ssl_client:"-" x_ssl_client_session_id:"-" x_ssl_client_verify:"-" x_ssl_client_subject_dn:"-" x_ssl_client_subject_cn:"-" x_ssl_client_issuer_dn:"-" x_ssl_client_notbefore:"-" x_ssl_client_notafter:"-" x_cf_forwarded_url:"-" traceparent:"-" true_client_ip:"-" x_cf_true_client_ip:"54.86.50.139" x_request_id:"-" x_b3_traceid:"0f32c1fa8f9f43f94b153401461bbb55" x_b3_spanid:"4b153401461bbb55" x_b3_parentspanid:"-" b3:"0f32c1fa8f9f43f94b153401461bbb55-4b153401461bbb55" (STDOUT, RTR)#
#2026 05 27 05:49:06.779#Z#DEBUG#a0871aaa-598f-11f1-8745-eeee0a977b64.PartnerRelationshipManagement-srv#flowable-async-job-executor-thread-5976#
[PollStageAppStatusExecution] f7419900-66e9-4b8b-80f3-f99201d79fd2 [2026-05-27T05:45:45.056559] b29e4e42trial-dev-partnerrelationshipmanagement-srv.cfapps.us10-001.hana.ondemand.com - [2026-05-27T05:45:45.042703809Z] "GET /$metadata HTTP/1.1" 404 0 148 "-" "PostmanRuntime/7.54.0" "10.0.136.0:51424" "10.32.3.6:61035" x_forwarded_for:"24.239.140.31, 54.86.50.139, 10.0.136.0" x_forwarded_proto:"https" vcap_request_id:"3164dc31-59d8-4742-78f0-5cfafe51824f" response_time:0.013775 gorouter_time:0.000041 app_id:"f7419900-66e9-4b8b-80f3-f99201d79fd2" app_index:"0" instance_id:"c918a323-0bb4-4211-7960-5c1f" failed_attempts:0 failed_attempts_time:"-" dns_time:0.000000 dial_time:0.001046 tls_time:0.010260 backend_time:0.013734 local_address:"10.0.129.8:4544" x_cf_routererror:"-" x_correlationid:"-" tenantid:"-" sap_passport:"-" x_scp_request_id:"980c0d43-a3bc-4aa1-b694-25ea8e799b19-6A168509-1CC00A8" x_cf_app_instance:"-" x_forwarded_host:"-" x_custom_host:"-" x_ssl_client:"-" x_ssl_client_session_id:"-" x_ssl_client_verify:"-" x_ssl_client_subject_dn:"-" x_ssl_client_subject_cn:"-" x_ssl_client_issuer_dn:"-" x_ssl_client_notbefore:"-" x_ssl_client_notafter:"-" x_cf_forwarded_url:"-" traceparent:"-" true_client_ip:"-" x_cf_true_client_ip:"54.86.50.139" x_request_id:"-" x_b3_traceid:"3164dc3159d8474278f05cfafe51824f" x_b3_spanid:"78f05cfafe51824f" x_b3_parentspanid:"-" b3:"3164dc3159d8474278f05cfafe51824f-78f05cfafe51824f" (STDOUT, RTR)#
#2026 05 27 05:49:06.779#Z#DEBUG#a0871aaa-598f-11f1-8745-eeee0a977b64.PartnerRelationshipManagement-srv#flowable-async-job-executor-thread-5976#
[PollStageAppStatusExecution] f7419900-66e9-4b8b-80f3-f99201d79fd2 [2026-05-27T05:48:18.295531] Updated app with guid f7419900-66e9-4b8b-80f3-f99201d79fd2 ({"lifecycle"=>{"data"=>{"buildpacks"=>["nodejs_buildpack"]}, "type"=>"buildpack"}}) (STDOUT, API)#
#2026 05 27 05:49:06.779#Z#DEBUG#a0871aaa-598f-11f1-8745-eeee0a977b64.PartnerRelationshipManagement-srv#flowable-async-job-executor-thread-5976#
[PollStageAppStatusExecution] f7419900-66e9-4b8b-80f3-f99201d79fd2 [2026-05-27T05:48:18.391467] Updating process: "web" (STDOUT, API)#
#2026 05 27 05:49:06.779#Z#DEBUG#a0871aaa-598f-11f1-8745-eeee0a977b64.PartnerRelationshipManagement-srv#flowable-async-job-executor-thread-5976#
[PollStageAppStatusExecution] f7419900-66e9-4b8b-80f3-f99201d79fd2 [2026-05-27T05:48:46.859371] Uploading app package for app with guid f7419900-66e9-4b8b-80f3-f99201d79fd2 (STDOUT, API)#
#2026 05 27 05:49:06.779#Z#DEBUG#a0871aaa-598f-11f1-8745-eeee0a977b64.PartnerRelationshipManagement-srv#flowable-async-job-executor-thread-5976#
[PollStageAppStatusExecution] f7419900-66e9-4b8b-80f3-f99201d79fd2 [2026-05-27T05:48:47.057969] Updated app with guid f7419900-66e9-4b8b-80f3-f99201d79fd2 ({"environment_variables"=>"[PRIVATE DATA HIDDEN]"}) (STDOUT, API)#
#2026 05 27 05:49:06.779#Z#DEBUG#a0871aaa-598f-11f1-8745-eeee0a977b64.PartnerRelationshipManagement-srv#flowable-async-job-executor-thread-5976#
[PollStageAppStatusExecution] f7419900-66e9-4b8b-80f3-f99201d79fd2 [2026-05-27T05:48:57.008604] Stopping app with guid f7419900-66e9-4b8b-80f3-f99201d79fd2 (STDOUT, API)#
#2026 05 27 05:49:06.779#Z#DEBUG#a0871aaa-598f-11f1-8745-eeee0a977b64.PartnerRelationshipManagement-srv#flowable-async-job-executor-thread-5976#
[PollStageAppStatusExecution] f7419900-66e9-4b8b-80f3-f99201d79fd2 [2026-05-27T05:48:57.045260] Cell 77283d80-dfa7-40ba-ba4e-265aef112085 stopping instance c918a323-0bb4-4211-7960-5c1f (STDOUT, CELL)#
#2026 05 27 05:49:06.779#Z#DEBUG#a0871aaa-598f-11f1-8745-eeee0a977b64.PartnerRelationshipManagement-srv#flowable-async-job-executor-thread-5976#
[PollStageAppStatusExecution] f7419900-66e9-4b8b-80f3-f99201d79fd2 [2026-05-27T05:48:57.207994] Creating build for app with guid f7419900-66e9-4b8b-80f3-f99201d79fd2 (STDOUT, API)#
#2026 05 27 05:49:06.779#Z#DEBUG#a0871aaa-598f-11f1-8745-eeee0a977b64.PartnerRelationshipManagement-srv#flowable-async-job-executor-thread-5976#
[PollStageAppStatusExecution] f7419900-66e9-4b8b-80f3-f99201d79fd2 [2026-05-27T05:48:57.872501] Downloading nodejs_buildpack... (STDOUT, STG)#
#2026 05 27 05:49:06.779#Z#DEBUG#a0871aaa-598f-11f1-8745-eeee0a977b64.PartnerRelationshipManagement-srv#flowable-async-job-executor-thread-5976#
[PollStageAppStatusExecution] f7419900-66e9-4b8b-80f3-f99201d79fd2 [2026-05-27T05:48:57.919585] Downloaded nodejs_buildpack (STDOUT, STG)#
#2026 05 27 05:49:06.779#Z#DEBUG#a0871aaa-598f-11f1-8745-eeee0a977b64.PartnerRelationshipManagement-srv#flowable-async-job-executor-thread-5976#
[PollStageAppStatusExecution] f7419900-66e9-4b8b-80f3-f99201d79fd2 [2026-05-27T05:48:57.919678] Cell 684caff8-89cd-492b-be01-b3d0835f1763 creating container for instance d791f528-cfa7-49ef-9e7c-5f2238eba20e (STDOUT, STG)#
#2026 05 27 05:49:06.779#Z#DEBUG#a0871aaa-598f-11f1-8745-eeee0a977b64.PartnerRelationshipManagement-srv#flowable-async-job-executor-thread-5976#
[PollStageAppStatusExecution] f7419900-66e9-4b8b-80f3-f99201d79fd2 [2026-05-27T05:48:58.740369] Security group rules were updated (STDOUT, STG)#
#2026 05 27 05:49:06.779#Z#DEBUG#a0871aaa-598f-11f1-8745-eeee0a977b64.PartnerRelationshipManagement-srv#flowable-async-job-executor-thread-5976#
[PollStageAppStatusExecution] f7419900-66e9-4b8b-80f3-f99201d79fd2 [2026-05-27T05:48:58.838494] Cell 684caff8-89cd-492b-be01-b3d0835f1763 successfully created container for instance d791f528-cfa7-49ef-9e7c-5f2238eba20e (STDOUT, STG)#
#2026 05 27 05:49:06.779#Z#DEBUG#a0871aaa-598f-11f1-8745-eeee0a977b64.PartnerRelationshipManagement-srv#flowable-async-job-executor-thread-5976#
[PollStageAppStatusExecution] f7419900-66e9-4b8b-80f3-f99201d79fd2 [2026-05-27T05:48:59.708638] Downloading app package... (STDOUT, STG)#
#2026 05 27 05:49:06.779#Z#DEBUG#a0871aaa-598f-11f1-8745-eeee0a977b64.PartnerRelationshipManagement-srv#flowable-async-job-executor-thread-5976#
[PollStageAppStatusExecution] f7419900-66e9-4b8b-80f3-f99201d79fd2 [2026-05-27T05:48:59.708718] Downloading build artifacts cache... (STDOUT, STG)#
#2026 05 27 05:49:06.779#Z#DEBUG#a0871aaa-598f-11f1-8745-eeee0a977b64.PartnerRelationshipManagement-srv#flowable-async-job-executor-thread-5976#
[PollStageAppStatusExecution] f7419900-66e9-4b8b-80f3-f99201d79fd2 [2026-05-27T05:48:59.788484] Downloaded build artifacts cache (220B) (STDOUT, STG)#
#2026 05 27 05:49:06.779#Z#DEBUG#a0871aaa-598f-11f1-8745-eeee0a977b64.PartnerRelationshipManagement-srv#flowable-async-job-executor-thread-5976#
[PollStageAppStatusExecution] f7419900-66e9-4b8b-80f3-f99201d79fd2 [2026-05-27T05:49:00.958056] Downloaded app package (7.7M) (STDOUT, STG)#
#2026 05 27 05:49:06.779#Z#DEBUG#a0871aaa-598f-11f1-8745-eeee0a977b64.PartnerRelationshipManagement-srv#flowable-async-job-executor-thread-5976#
[PollStageAppStatusExecution] f7419900-66e9-4b8b-80f3-f99201d79fd2 [2026-05-27T05:49:01.100949] -----> Nodejs Buildpack version 1.8.44 (STDOUT, STG)#
#2026 05 27 05:49:06.779#Z#DEBUG#a0871aaa-598f-11f1-8745-eeee0a977b64.PartnerRelationshipManagement-srv#flowable-async-job-executor-thread-5976#
[PollStageAppStatusExecution] f7419900-66e9-4b8b-80f3-f99201d79fd2 [2026-05-27T05:49:01.590099] -----> Bootstrapping python (STDOUT, STG)#
#2026 05 27 05:49:06.779#Z#DEBUG#a0871aaa-598f-11f1-8745-eeee0a977b64.PartnerRelationshipManagement-srv#flowable-async-job-executor-thread-5976#
[PollStageAppStatusExecution] f7419900-66e9-4b8b-80f3-f99201d79fd2 [2026-05-27T05:49:01.590127] -----> Installing python 3.11.14 (STDOUT, STG)#
#2026 05 27 05:49:06.779#Z#DEBUG#a0871aaa-598f-11f1-8745-eeee0a977b64.PartnerRelationshipManagement-srv#flowable-async-job-executor-thread-5976#
[PollStageAppStatusExecution] f7419900-66e9-4b8b-80f3-f99201d79fd2 [2026-05-27T05:49:01.590140] Copy [/tmp/buildpacks/978cee5ec9c58000/dependencies/b5e0345ae0ae1932e7d56fffaa49a487/python_3.11.14_linux_x64_cflinuxfs4_66f53248.tgz] (STDOUT, STG)#
#2026 05 27 05:49:06.779#Z#DEBUG#a0871aaa-598f-11f1-8745-eeee0a977b64.PartnerRelationshipManagement-srv#flowable-async-job-executor-thread-5976#
[PollStageAppStatusExecution] f7419900-66e9-4b8b-80f3-f99201d79fd2 [2026-05-27T05:49:05.903858] -----> Installing binaries (STDOUT, STG)#
#2026 05 27 05:49:06.779#Z#DEBUG#a0871aaa-598f-11f1-8745-eeee0a977b64.PartnerRelationshipManagement-srv#flowable-async-job-executor-thread-5976#
[PollStageAppStatusExecution] f7419900-66e9-4b8b-80f3-f99201d79fd2 [2026-05-27T05:49:05.903977] engines.node (package.json): >=20 (STDOUT, STG)#
#2026 05 27 05:49:06.779#Z#DEBUG#a0871aaa-598f-11f1-8745-eeee0a977b64.PartnerRelationshipManagement-srv#flowable-async-job-executor-thread-5976#
[PollStageAppStatusExecution] f7419900-66e9-4b8b-80f3-f99201d79fd2 [2026-05-27T05:49:05.903999] engines.npm (package.json): unspecified (use default) (STDOUT, STG)#
#2026 05 27 05:49:06.779#Z#DEBUG#a0871aaa-598f-11f1-8745-eeee0a977b64.PartnerRelationshipManagement-srv#flowable-async-job-executor-thread-5976#
[PollStageAppStatusExecution] f7419900-66e9-4b8b-80f3-f99201d79fd2 [2026-05-27T05:49:05.904017] [31;1m**WARNING**[0m Dangerous semver range (>) in engines.node. See: http://docs.cloudfoundry.org/buildpacks/node/node-tips.html (STDOUT, STG)#
#2026 05 27 05:49:06.779#Z#DEBUG#a0871aaa-598f-11f1-8745-eeee0a977b64.PartnerRelationshipManagement-srv#flowable-async-job-executor-thread-5976#
[PollStageAppStatusExecution] f7419900-66e9-4b8b-80f3-f99201d79fd2 [2026-05-27T05:49:05.904105] -----> Installing node 24.13.0 (STDOUT, STG)#
#2026 05 27 05:49:06.779#Z#DEBUG#a0871aaa-598f-11f1-8745-eeee0a977b64.PartnerRelationshipManagement-srv#flowable-async-job-executor-thread-5976#
[PollStageAppStatusExecution] f7419900-66e9-4b8b-80f3-f99201d79fd2 [2026-05-27T05:49:05.904274] Copy [/tmp/buildpacks/978cee5ec9c58000/dependencies/2f5692219fecc3eee6e6d507a6bfe7b9/node_24.13.0_linux_x64_cflinuxfs4_a816dee1.tgz] (STDOUT, STG)#
#2026 05 27 05:49:16.794#Z#DEBUG#a0871aaa-598f-11f1-8745-eeee0a977b64.PartnerRelationshipManagement-srv#flowable-async-job-executor-thread-5979#
[PollStageAppStatusExecution] f7419900-66e9-4b8b-80f3-f99201d79fd2 [2026-05-27T05:49:08.480869] Using default npm version: 11.6.2 (STDOUT, STG)#
#2026 05 27 05:49:16.794#Z#DEBUG#a0871aaa-598f-11f1-8745-eeee0a977b64.PartnerRelationshipManagement-srv#flowable-async-job-executor-thread-5979#
[PollStageAppStatusExecution] f7419900-66e9-4b8b-80f3-f99201d79fd2 [2026-05-27T05:49:08.481001] -----> Installing yarn 1.22.22 (STDOUT, STG)#
#2026 05 27 05:49:16.794#Z#DEBUG#a0871aaa-598f-11f1-8745-eeee0a977b64.PartnerRelationshipManagement-srv#flowable-async-job-executor-thread-5979#
[PollStageAppStatusExecution] f7419900-66e9-4b8b-80f3-f99201d79fd2 [2026-05-27T05:49:08.481079] Copy [/tmp/buildpacks/978cee5ec9c58000/dependencies/e3a39aedd1236924d69cc2d0637a8ed2/yarn_1.22.22_linux_noarch_any-stack_4911d0a6.tgz] (STDOUT, STG)#
#2026 05 27 05:49:16.794#Z#DEBUG#a0871aaa-598f-11f1-8745-eeee0a977b64.PartnerRelationshipManagement-srv#flowable-async-job-executor-thread-5979#
[PollStageAppStatusExecution] f7419900-66e9-4b8b-80f3-f99201d79fd2 [2026-05-27T05:49:08.848504] Installed yarn 1.22.22 (STDOUT, STG)#
#2026 05 27 05:49:16.794#Z#DEBUG#a0871aaa-598f-11f1-8745-eeee0a977b64.PartnerRelationshipManagement-srv#flowable-async-job-executor-thread-5979#
[PollStageAppStatusExecution] f7419900-66e9-4b8b-80f3-f99201d79fd2 [2026-05-27T05:49:08.848541] -----> Creating runtime environment (STDOUT, STG)#
#2026 05 27 05:49:16.794#Z#DEBUG#a0871aaa-598f-11f1-8745-eeee0a977b64.PartnerRelationshipManagement-srv#flowable-async-job-executor-thread-5979#
[PollStageAppStatusExecution] f7419900-66e9-4b8b-80f3-f99201d79fd2 [2026-05-27T05:49:08.850358] NODE_ENV=production (STDOUT, STG)#
#2026 05 27 05:49:16.794#Z#DEBUG#a0871aaa-598f-11f1-8745-eeee0a977b64.PartnerRelationshipManagement-srv#flowable-async-job-executor-thread-5979#
[PollStageAppStatusExecution] f7419900-66e9-4b8b-80f3-f99201d79fd2 [2026-05-27T05:49:08.850382] NODE_HOME=/tmp/contents635262067/deps/0/node (STDOUT, STG)#
#2026 05 27 05:49:16.794#Z#DEBUG#a0871aaa-598f-11f1-8745-eeee0a977b64.PartnerRelationshipManagement-srv#flowable-async-job-executor-thread-5979#
[PollStageAppStatusExecution] f7419900-66e9-4b8b-80f3-f99201d79fd2 [2026-05-27T05:49:08.850386] NODE_MODULES_CACHE=true (STDOUT, STG)#
#2026 05 27 05:49:16.794#Z#DEBUG#a0871aaa-598f-11f1-8745-eeee0a977b64.PartnerRelationshipManagement-srv#flowable-async-job-executor-thread-5979#
[PollStageAppStatusExecution] f7419900-66e9-4b8b-80f3-f99201d79fd2 [2026-05-27T05:49:08.850389] NODE_VERBOSE=false (STDOUT, STG)#
#2026 05 27 05:49:16.794#Z#DEBUG#a0871aaa-598f-11f1-8745-eeee0a977b64.PartnerRelationshipManagement-srv#flowable-async-job-executor-thread-5979#
[PollStageAppStatusExecution] f7419900-66e9-4b8b-80f3-f99201d79fd2 [2026-05-27T05:49:08.850392] NPM_CONFIG_LOGLEVEL=error (STDOUT, STG)#
#2026 05 27 05:49:16.794#Z#DEBUG#a0871aaa-598f-11f1-8745-eeee0a977b64.PartnerRelationshipManagement-srv#flowable-async-job-executor-thread-5979#
[PollStageAppStatusExecution] f7419900-66e9-4b8b-80f3-f99201d79fd2 [2026-05-27T05:49:08.850395] NPM_CONFIG_PRODUCTION=true (STDOUT, STG)#
#2026 05 27 05:49:16.794#Z#DEBUG#a0871aaa-598f-11f1-8745-eeee0a977b64.PartnerRelationshipManagement-srv#flowable-async-job-executor-thread-5979#
[PollStageAppStatusExecution] f7419900-66e9-4b8b-80f3-f99201d79fd2 [2026-05-27T05:49:08.850415] -----> Building dependencies (STDOUT, STG)#
#2026 05 27 05:49:16.794#Z#DEBUG#a0871aaa-598f-11f1-8745-eeee0a977b64.PartnerRelationshipManagement-srv#flowable-async-job-executor-thread-5979#
[PollStageAppStatusExecution] f7419900-66e9-4b8b-80f3-f99201d79fd2 [2026-05-27T05:49:08.850421] Prebuild detected (node_modules already exists) (STDOUT, STG)#
#2026 05 27 05:49:16.794#Z#DEBUG#a0871aaa-598f-11f1-8745-eeee0a977b64.PartnerRelationshipManagement-srv#flowable-async-job-executor-thread-5979#
[PollStageAppStatusExecution] f7419900-66e9-4b8b-80f3-f99201d79fd2 [2026-05-27T05:49:08.850423] Rebuilding any native modules (STDOUT, STG)#
#2026 05 27 05:49:16.794#Z#DEBUG#a0871aaa-598f-11f1-8745-eeee0a977b64.PartnerRelationshipManagement-srv#flowable-async-job-executor-thread-5979#
[PollStageAppStatusExecution] f7419900-66e9-4b8b-80f3-f99201d79fd2 [2026-05-27T05:49:09.635964] rebuilt dependencies successfully (STDOUT, STG)#
#2026 05 27 05:49:16.794#Z#DEBUG#a0871aaa-598f-11f1-8745-eeee0a977b64.PartnerRelationshipManagement-srv#flowable-async-job-executor-thread-5979#
[PollStageAppStatusExecution] f7419900-66e9-4b8b-80f3-f99201d79fd2 [2026-05-27T05:49:09.637681] npm notice (STDOUT, STG)#
#2026 05 27 05:49:16.794#Z#DEBUG#a0871aaa-598f-11f1-8745-eeee0a977b64.PartnerRelationshipManagement-srv#flowable-async-job-executor-thread-5979#
[PollStageAppStatusExecution] f7419900-66e9-4b8b-80f3-f99201d79fd2 [2026-05-27T05:49:09.637696] npm notice New minor version of npm available! 11.6.2 -> 11.15.0 (STDOUT, STG)#
#2026 05 27 05:49:16.794#Z#DEBUG#a0871aaa-598f-11f1-8745-eeee0a977b64.PartnerRelationshipManagement-srv#flowable-async-job-executor-thread-5979#
[PollStageAppStatusExecution] f7419900-66e9-4b8b-80f3-f99201d79fd2 [2026-05-27T05:49:09.637702] npm notice Changelog: https://github.com/npm/cli/releases/tag/v11.15.0 (STDOUT, STG)#
#2026 05 27 05:49:16.794#Z#DEBUG#a0871aaa-598f-11f1-8745-eeee0a977b64.PartnerRelationshipManagement-srv#flowable-async-job-executor-thread-5979#
[PollStageAppStatusExecution] f7419900-66e9-4b8b-80f3-f99201d79fd2 [2026-05-27T05:49:09.637704] npm notice To update run: npm install -g npm@11.15.0 (STDOUT, STG)#
#2026 05 27 05:49:16.794#Z#DEBUG#a0871aaa-598f-11f1-8745-eeee0a977b64.PartnerRelationshipManagement-srv#flowable-async-job-executor-thread-5979#
[PollStageAppStatusExecution] f7419900-66e9-4b8b-80f3-f99201d79fd2 [2026-05-27T05:49:09.637706] npm notice (STDOUT, STG)#
#2026 05 27 05:49:16.794#Z#DEBUG#a0871aaa-598f-11f1-8745-eeee0a977b64.PartnerRelationshipManagement-srv#flowable-async-job-executor-thread-5979#
[PollStageAppStatusExecution] f7419900-66e9-4b8b-80f3-f99201d79fd2 [2026-05-27T05:49:09.715729] Installing any new modules (package.json + package-lock.json) (STDOUT, STG)#
#2026 05 27 05:49:16.794#Z#DEBUG#a0871aaa-598f-11f1-8745-eeee0a977b64.PartnerRelationshipManagement-srv#flowable-async-job-executor-thread-5979#
[PollStageAppStatusExecution] f7419900-66e9-4b8b-80f3-f99201d79fd2 [2026-05-27T05:49:10.575728] up to date in 777ms (STDOUT, STG)#
#2026 05 27 05:49:16.794#Z#DEBUG#a0871aaa-598f-11f1-8745-eeee0a977b64.PartnerRelationshipManagement-srv#flowable-async-job-executor-thread-5979#
[PollStageAppStatusExecution] f7419900-66e9-4b8b-80f3-f99201d79fd2 [2026-05-27T05:49:10.579262] 34 packages are looking for funding (STDOUT, STG)#
#2026 05 27 05:49:16.794#Z#DEBUG#a0871aaa-598f-11f1-8745-eeee0a977b64.PartnerRelationshipManagement-srv#flowable-async-job-executor-thread-5979#
[PollStageAppStatusExecution] f7419900-66e9-4b8b-80f3-f99201d79fd2 [2026-05-27T05:49:10.579293] run `npm fund` for details (STDOUT, STG)#
#2026 05 27 05:49:16.794#Z#DEBUG#a0871aaa-598f-11f1-8745-eeee0a977b64.PartnerRelationshipManagement-srv#flowable-async-job-executor-thread-5979#
[PollStageAppStatusExecution] f7419900-66e9-4b8b-80f3-f99201d79fd2 [2026-05-27T05:49:11.940305] Contrast Security no credentials found. Will not write environment files. (STDOUT, STG)#
#2026 05 27 05:49:26.965#Z#DEBUG#a0871aaa-598f-11f1-8745-eeee0a977b64.PartnerRelationshipManagement-srv#flowable-async-job-executor-thread-7789#
[PollStageAppStatusExecution] f7419900-66e9-4b8b-80f3-f99201d79fd2 [2026-05-27T05:49:23.186854] Exit status 0 (STDOUT, STG)#
#2026 05 27 05:49:26.965#Z#DEBUG#a0871aaa-598f-11f1-8745-eeee0a977b64.PartnerRelationshipManagement-srv#flowable-async-job-executor-thread-7789#
[PollStageAppStatusExecution] f7419900-66e9-4b8b-80f3-f99201d79fd2 [2026-05-27T05:49:23.186909] Uploading droplet, build artifacts cache... (STDOUT, STG)#
#2026 05 27 05:49:26.965#Z#DEBUG#a0871aaa-598f-11f1-8745-eeee0a977b64.PartnerRelationshipManagement-srv#flowable-async-job-executor-thread-7789#
[PollStageAppStatusExecution] f7419900-66e9-4b8b-80f3-f99201d79fd2 [2026-05-27T05:49:23.186949] Uploading droplet... (STDOUT, STG)#
#2026 05 27 05:49:26.965#Z#DEBUG#a0871aaa-598f-11f1-8745-eeee0a977b64.PartnerRelationshipManagement-srv#flowable-async-job-executor-thread-7789#
[PollStageAppStatusExecution] f7419900-66e9-4b8b-80f3-f99201d79fd2 [2026-05-27T05:49:23.187192] Uploading build artifacts cache... (STDOUT, STG)#
#2026 05 27 05:49:26.965#Z#DEBUG#a0871aaa-598f-11f1-8745-eeee0a977b64.PartnerRelationshipManagement-srv#flowable-async-job-executor-thread-7789#
[PollStageAppStatusExecution] f7419900-66e9-4b8b-80f3-f99201d79fd2 [2026-05-27T05:49:23.209928] Uploaded build artifacts cache (225B) (STDOUT, STG)#
#2026 05 27 05:49:26.965#Z#DEBUG#a0871aaa-598f-11f1-8745-eeee0a977b64.PartnerRelationshipManagement-srv#flowable-async-job-executor-thread-7789#
[PollStageAppStatusExecution] f7419900-66e9-4b8b-80f3-f99201d79fd2 [2026-05-27T05:49:23.976385] Creating droplet for app with guid f7419900-66e9-4b8b-80f3-f99201d79fd2 (STDOUT, API)#
#2026 05 27 05:49:36.926#Z#DEBUG#a0871aaa-598f-11f1-8745-eeee0a977b64.PartnerRelationshipManagement-srv#flowable-async-job-executor-thread-7800#
[PollStageAppStatusExecution] f7419900-66e9-4b8b-80f3-f99201d79fd2 [2026-05-27T05:49:28.044131] Uploaded droplet (62.3M) (STDOUT, STG)#
#2026 05 27 05:49:36.926#Z#DEBUG#a0871aaa-598f-11f1-8745-eeee0a977b64.PartnerRelationshipManagement-srv#flowable-async-job-executor-thread-7800#
[PollStageAppStatusExecution] f7419900-66e9-4b8b-80f3-f99201d79fd2 [2026-05-27T05:49:28.065463] Uploading complete (STDOUT, STG)#
#2026 05 27 05:49:36.926#Z#DEBUG#a0871aaa-598f-11f1-8745-eeee0a977b64.PartnerRelationshipManagement-srv#flowable-async-job-executor-thread-7800#
[PollStageAppStatusExecution] f7419900-66e9-4b8b-80f3-f99201d79fd2 [2026-05-27T05:49:29.281775] Cell 684caff8-89cd-492b-be01-b3d0835f1763 stopping instance d791f528-cfa7-49ef-9e7c-5f2238eba20e (STDOUT, STG)#
#2026 05 27 05:49:36.926#Z#DEBUG#a0871aaa-598f-11f1-8745-eeee0a977b64.PartnerRelationshipManagement-srv#flowable-async-job-executor-thread-7800#
[PollStageAppStatusExecution] f7419900-66e9-4b8b-80f3-f99201d79fd2 [2026-05-27T05:49:29.281826] Cell 684caff8-89cd-492b-be01-b3d0835f1763 destroying container for instance d791f528-cfa7-49ef-9e7c-5f2238eba20e (STDOUT, STG)#
#2026 05 27 05:49:36.926#Z#DEBUG#a0871aaa-598f-11f1-8745-eeee0a977b64.PartnerRelationshipManagement-srv#flowable-async-job-executor-thread-7800#
[PollStageAppStatusExecution] f7419900-66e9-4b8b-80f3-f99201d79fd2 [2026-05-27T05:49:29.344723] Staging complete for build d791f528-cfa7-49ef-9e7c-5f2238eba20e (STDOUT, API)#
#2026 05 27 05:49:36.926#Z#DEBUG#a0871aaa-598f-11f1-8745-eeee0a977b64.PartnerRelationshipManagement-srv#flowable-async-job-executor-thread-7800#
[PollStageAppStatusExecution] f7419900-66e9-4b8b-80f3-f99201d79fd2 [2026-05-27T05:49:32.538396] Cell 684caff8-89cd-492b-be01-b3d0835f1763 successfully destroyed container for instance d791f528-cfa7-49ef-9e7c-5f2238eba20e (STDOUT, STG)#
#2026 05 27 05:49:47.015#Z#DEBUG#a0871aaa-598f-11f1-8745-eeee0a977b64.PartnerRelationshipManagement-srv#flowable-async-job-executor-thread-7809#
[PollStartAppStatusExecution] f7419900-66e9-4b8b-80f3-f99201d79fd2 [2026-05-27T05:49:36.994997] Updated app with guid f7419900-66e9-4b8b-80f3-f99201d79fd2 ({:droplet_guid=>"226c8f84-e45e-4f9d-bcb1-d1c148a002d9"}) (STDOUT, API)#
#2026 05 27 05:49:47.015#Z#DEBUG#a0871aaa-598f-11f1-8745-eeee0a977b64.PartnerRelationshipManagement-srv#flowable-async-job-executor-thread-7809#
[PollStartAppStatusExecution] f7419900-66e9-4b8b-80f3-f99201d79fd2 [2026-05-27T05:49:37.210138] Creating revision for app with guid f7419900-66e9-4b8b-80f3-f99201d79fd2 (STDOUT, API)#
#2026 05 27 05:49:47.015#Z#DEBUG#a0871aaa-598f-11f1-8745-eeee0a977b64.PartnerRelationshipManagement-srv#flowable-async-job-executor-thread-7809#
[PollStartAppStatusExecution] f7419900-66e9-4b8b-80f3-f99201d79fd2 [2026-05-27T05:49:37.251194] Starting app with guid f7419900-66e9-4b8b-80f3-f99201d79fd2 (STDOUT, API)#
#2026 05 27 05:49:47.015#Z#DEBUG#a0871aaa-598f-11f1-8745-eeee0a977b64.PartnerRelationshipManagement-srv#flowable-async-job-executor-thread-7809#
[PollStartAppStatusExecution] f7419900-66e9-4b8b-80f3-f99201d79fd2 [2026-05-27T05:49:37.469700] Cell 77283d80-dfa7-40ba-ba4e-265aef112085 creating container for instance 8f565129-67cd-4ab9-475d-38ac (STDOUT, CELL)#
#2026 05 27 05:49:47.015#Z#DEBUG#a0871aaa-598f-11f1-8745-eeee0a977b64.PartnerRelationshipManagement-srv#flowable-async-job-executor-thread-7809#
[PollStartAppStatusExecution] f7419900-66e9-4b8b-80f3-f99201d79fd2 [2026-05-27T05:49:38.329615] Security group rules were updated (STDOUT, CELL)#
#2026 05 27 05:49:47.015#Z#DEBUG#a0871aaa-598f-11f1-8745-eeee0a977b64.PartnerRelationshipManagement-srv#flowable-async-job-executor-thread-7809#
[PollStartAppStatusExecution] f7419900-66e9-4b8b-80f3-f99201d79fd2 [2026-05-27T05:49:38.422589] Cell 77283d80-dfa7-40ba-ba4e-265aef112085 successfully created container for instance 8f565129-67cd-4ab9-475d-38ac (STDOUT, CELL)#
#2026 05 27 05:49:47.015#Z#DEBUG#a0871aaa-598f-11f1-8745-eeee0a977b64.PartnerRelationshipManagement-srv#flowable-async-job-executor-thread-7809#
[PollStartAppStatusExecution] f7419900-66e9-4b8b-80f3-f99201d79fd2 [2026-05-27T05:49:38.949023] Downloading droplet... (STDOUT, CELL)#
#2026 05 27 05:49:47.015#Z#DEBUG#a0871aaa-598f-11f1-8745-eeee0a977b64.PartnerRelationshipManagement-srv#flowable-async-job-executor-thread-7809#
[PollStartAppStatusExecution] f7419900-66e9-4b8b-80f3-f99201d79fd2 [2026-05-27T05:49:43.968774] Downloaded droplet (62.3M) (STDOUT, CELL)#
#2026 05 27 05:49:47.015#Z#DEBUG#a0871aaa-598f-11f1-8745-eeee0a977b64.PartnerRelationshipManagement-srv#flowable-async-job-executor-thread-7809#
[PollStartAppStatusExecution] f7419900-66e9-4b8b-80f3-f99201d79fd2 [2026-05-27T05:49:43.969139] Starting health monitoring of container (STDOUT, CELL)#
#2026 05 27 05:49:47.015#Z#DEBUG#a0871aaa-598f-11f1-8745-eeee0a977b64.PartnerRelationshipManagement-srv#flowable-async-job-executor-thread-7809#
[PollStartAppStatusExecution] f7419900-66e9-4b8b-80f3-f99201d79fd2 [2026-05-27T05:49:44.120252] Invoking pre-start scripts. (STDOUT, APP/PROC/WEB)#
#2026 05 27 05:49:47.015#Z#DEBUG#a0871aaa-598f-11f1-8745-eeee0a977b64.PartnerRelationshipManagement-srv#flowable-async-job-executor-thread-7809#
[PollStartAppStatusExecution] f7419900-66e9-4b8b-80f3-f99201d79fd2 [2026-05-27T05:49:44.348682] Invoking start command. (STDOUT, APP/PROC/WEB)#
#2026 05 27 05:49:47.015#Z#DEBUG#a0871aaa-598f-11f1-8745-eeee0a977b64.PartnerRelationshipManagement-srv#flowable-async-job-executor-thread-7809#
[PollStartAppStatusExecution] f7419900-66e9-4b8b-80f3-f99201d79fd2 [2026-05-27T05:49:44.780264] > PartnerRelationshipManagement@1.0.0 start (STDOUT, APP/PROC/WEB)#
#2026 05 27 05:49:47.015#Z#DEBUG#a0871aaa-598f-11f1-8745-eeee0a977b64.PartnerRelationshipManagement-srv#flowable-async-job-executor-thread-7809#
[PollStartAppStatusExecution] f7419900-66e9-4b8b-80f3-f99201d79fd2 [2026-05-27T05:49:44.780294] > cds-serve (STDOUT, APP/PROC/WEB)#
#2026 05 27 05:49:47.015#Z#DEBUG#a0871aaa-598f-11f1-8745-eeee0a977b64.PartnerRelationshipManagement-srv#flowable-async-job-executor-thread-7809#
[PollStartAppStatusExecution] f7419900-66e9-4b8b-80f3-f99201d79fd2 [2026-05-27T05:49:45.074859] {"level":"info","logger":"cds","timestamp":"2026-05-27T05:49:45.073Z","layer":"cds","component_type":"application","container_id":"10.32.3.6","component_id":"f7419900-66e9-4b8b-80f3-f99201d79fd2","component_name":"PartnerRelationshipManagement-srv","component_instance":0,"source_instance":0,"organization_name":"b29e4e42trial","organization_id":"25ea4d2d-781d-47e9-9309-236933205a72","space_name":"dev","space_id":"71fc0cf5-82f9-4a84-8127-69065f025ac4","msg":"loaded model from 1 file(s):\n ","type":"log"} (STDOUT, APP/PROC/WEB)#
#2026 05 27 05:49:47.015#Z#DEBUG#a0871aaa-598f-11f1-8745-eeee0a977b64.PartnerRelationshipManagement-srv#flowable-async-job-executor-thread-7809#
[PollStartAppStatusExecution] f7419900-66e9-4b8b-80f3-f99201d79fd2 [2026-05-27T05:49:45.075308] srv/csn.json (STDOUT, APP/PROC/WEB)#
#2026 05 27 05:49:47.015#Z#DEBUG#a0871aaa-598f-11f1-8745-eeee0a977b64.PartnerRelationshipManagement-srv#flowable-async-job-executor-thread-7809#
[PollStartAppStatusExecution] f7419900-66e9-4b8b-80f3-f99201d79fd2 [2026-05-27T05:49:45.299868] {"level":"info","logger":"cds","timestamp":"2026-05-27T05:49:45.299Z","layer":"cds","component_type":"application","container_id":"10.32.3.6","component_id":"f7419900-66e9-4b8b-80f3-f99201d79fd2","component_name":"PartnerRelationshipManagement-srv","component_instance":0,"source_instance":0,"organization_name":"b29e4e42trial","organization_id":"25ea4d2d-781d-47e9-9309-236933205a72","space_name":"dev","space_id":"71fc0cf5-82f9-4a84-8127-69065f025ac4","msg":"connect to db > hana {\n  database_id: '27306b69-af28-4a1c-b737-be327a4a18fa',\n  host: '27306b69-af28-4a1c-b737-be327a4a18fa.hna1.prod-us10.hanacloud.ondemand.com',\n  port: '443',\n  driver: 'com.sap.db.jdbc.Driver',\n  url: 'jdbc:sap://27306b69-af28-4a1c-b737-be327a4a18fa.hna1.prod-us10.hanacloud.ondemand.com:443?encrypt=true&validateCertificate=true&currentschema=9F018B22D926470687549793F70EC975',\n  schema: '9F018B22D926470687549793F70EC975',\n  certificate: '...',\n  hdi_user: '9F018B22D926470687549793F70EC975_52NDFL5QX0F2YVIEVEALV54EQ_DT',\n  hdi_password: '...',\n  user: '9F018B22D926470687549793F70EC975_52NDFL5QX0F2YVIEVEALV54EQ_RT',\n  password: '...'\n}","type":"log"} (STDOUT, APP/PROC/WEB)#
#2026 05 27 05:49:47.015#Z#DEBUG#a0871aaa-598f-11f1-8745-eeee0a977b64.PartnerRelationshipManagement-srv#flowable-async-job-executor-thread-7809#
[PollStartAppStatusExecution] f7419900-66e9-4b8b-80f3-f99201d79fd2 [2026-05-27T05:49:45.330594] {"level":"info","logger":"cds","timestamp":"2026-05-27T05:49:45.330Z","layer":"cds","component_type":"application","container_id":"10.32.3.6","component_id":"f7419900-66e9-4b8b-80f3-f99201d79fd2","component_name":"PartnerRelationshipManagement-srv","component_instance":0,"source_instance":0,"organization_name":"b29e4e42trial","organization_id":"25ea4d2d-781d-47e9-9309-236933205a72","space_name":"dev","space_id":"71fc0cf5-82f9-4a84-8127-69065f025ac4","msg":"using auth strategy { kind: 'xsuaa' }","type":"log"} (STDOUT, APP/PROC/WEB)#
#2026 05 27 05:49:47.015#Z#DEBUG#a0871aaa-598f-11f1-8745-eeee0a977b64.PartnerRelationshipManagement-srv#flowable-async-job-executor-thread-7809#
[PollStartAppStatusExecution] f7419900-66e9-4b8b-80f3-f99201d79fd2 [2026-05-27T05:49:45.388867] {"level":"info","logger":"cds","timestamp":"2026-05-27T05:49:45.388Z","layer":"cds","component_type":"application","container_id":"10.32.3.6","component_id":"f7419900-66e9-4b8b-80f3-f99201d79fd2","component_name":"PartnerRelationshipManagement-srv","component_instance":0,"source_instance":0,"organization_name":"b29e4e42trial","organization_id":"25ea4d2d-781d-47e9-9309-236933205a72","space_name":"dev","space_id":"71fc0cf5-82f9-4a84-8127-69065f025ac4","msg":"serving prm {\n  at: [ '/service/prm' ],\n  decl: 'srv/csn.json:314',\n  impl: 'srv/service.js'\n}","type":"log"} (STDOUT, APP/PROC/WEB)#
#2026 05 27 05:49:47.015#Z#DEBUG#a0871aaa-598f-11f1-8745-eeee0a977b64.PartnerRelationshipManagement-srv#flowable-async-job-executor-thread-7809#
[PollStartAppStatusExecution] f7419900-66e9-4b8b-80f3-f99201d79fd2 [2026-05-27T05:49:45.398984] {"level":"info","logger":"cds","timestamp":"2026-05-27T05:49:45.398Z","layer":"cds","component_type":"application","container_id":"10.32.3.6","component_id":"f7419900-66e9-4b8b-80f3-f99201d79fd2","component_name":"PartnerRelationshipManagement-srv","component_instance":0,"source_instance":0,"organization_name":"b29e4e42trial","organization_id":"25ea4d2d-781d-47e9-9309-236933205a72","space_name":"dev","space_id":"71fc0cf5-82f9-4a84-8127-69065f025ac4","msg":"server listening on { url: 'http://localhost:8080' }","type":"log"} (STDOUT, APP/PROC/WEB)#
#2026 05 27 05:49:47.015#Z#DEBUG#a0871aaa-598f-11f1-8745-eeee0a977b64.PartnerRelationshipManagement-srv#flowable-async-job-executor-thread-7809#
[PollStartAppStatusExecution] f7419900-66e9-4b8b-80f3-f99201d79fd2 [2026-05-27T05:49:45.400442] {"level":"info","logger":"cds","timestamp":"2026-05-27T05:49:45.400Z","layer":"cds","component_type":"application","container_id":"10.32.3.6","component_id":"f7419900-66e9-4b8b-80f3-f99201d79fd2","component_name":"PartnerRelationshipManagement-srv","component_instance":0,"source_instance":0,"organization_name":"b29e4e42trial","organization_id":"25ea4d2d-781d-47e9-9309-236933205a72","space_name":"dev","space_id":"71fc0cf5-82f9-4a84-8127-69065f025ac4","msg":"server v9.9.1 launched in 608 ms","type":"log"} (STDOUT, APP/PROC/WEB)#
#2026 05 27 05:49:57.033#Z#DEBUG#a0871aaa-598f-11f1-8745-eeee0a977b64.PartnerRelationshipManagement-srv#flowable-async-job-executor-thread-4868#
[PollStartAppStatusExecution] f7419900-66e9-4b8b-80f3-f99201d79fd2 [2026-05-27T05:49:47.159702] Container became healthy (STDOUT, CELL)#
#2026 05 27 05:49:57.033#Z#DEBUG#a0871aaa-598f-11f1-8745-eeee0a977b64.PartnerRelationshipManagement-srv#flowable-async-job-executor-thread-4868#
[PollStartAppStatusExecution] f7419900-66e9-4b8b-80f3-f99201d79fd2 [2026-05-27T05:49:47.182820] Process became ready with guid f7419900-66e9-4b8b-80f3-f99201d79fd2 payload: {"instance"=>"8f565129-67cd-4ab9-475d-38ac", "index"=>0, "cell_id"=>"77283d80-dfa7-40ba-ba4e-265aef112085", "ready"=>true, "version"=>"7602b1a2-85b2-48b1-911f-1ec909e0ca8e"} (STDOUT, API)#
